23:16:21.123 [http-nio-8080-exec-8] ERROR org.apache.catalina.core.ContainerBase.[Tomcat].[localhost].[/].[dispatcherServlet] - Servlet.service() for servlet [dispatcherServlet] in context with path [] threw exception [org.apache.shiro.session.UnknownSessionException: There is no session with id [cc314e23-aef1-45ac-bda0-f1a2474c84ef]] with root cause
org.apache.shiro.session.UnknownSessionException: There is no session with id [cc314e23-aef1-45ac-bda0-f1a2474c84ef]
	at org.apache.shiro.session.mgt.eis.AbstractSessionDAO.readSession(AbstractSessionDAO.java:170) ~[shiro-core-1.4.0.jar!/:1.4.0]
	at org.apache.shiro.session.mgt.DefaultSessionManager.retrieveSessionFromDataSource(DefaultSessionManager.java:236) ~[shiro-core-1.4.0.jar!/:1.4.0]
	at org.apache.shiro.session.mgt.DefaultSessionManager.retrieveSession(DefaultSessionManager.java:222) ~[shiro-core-1.4.0.jar!/:1.4.0]
	at org.apache.shiro.session.mgt.AbstractValidatingSessionManager.doGetSession(AbstractValidatingSessionManager.java:118) ~[shiro-core-1.4.0.jar!/:1.4.0]
	at org.apache.shiro.session.mgt.AbstractNativeSessionManager.lookupSession(AbstractNativeSessionManager.java:148) ~[shiro-core-1.4.0.jar!/:1.4.0]
	at org.apache.shiro.session.mgt.AbstractNativeSessionManager.lookupRequiredSession(AbstractNativeSessionManager.java:152) ~[shiro-core-1.4.0.jar!/:1.4.0]
	at org.apache.shiro.session.mgt.AbstractNativeSessionManager.getAttribute(AbstractNativeSessionManager.java:249) ~[shiro-core-1.4.0.jar!/:1.4.0]
	at org.apache.shiro.session.mgt.DelegatingSession.getAttribute(DelegatingSession.java:141) ~[shiro-core-1.4.0.jar!/:1.4.0]
	at org.apache.shiro.session.ProxiedSession.getAttribute(ProxiedSession.java:121) ~[shiro-core-1.4.0.jar!/:1.4.0]
	at org.apache.shiro.subject.support.DelegatingSubject.getRunAsPrincipalsStack(DelegatingSubject.java:473) ~[shiro-core-1.4.0.jar!/:1.4.0]
	at org.apache.shiro.subject.support.DelegatingSubject.getPrincipals(DelegatingSubject.java:157) ~[shiro-core-1.4.0.jar!/:1.4.0]
	at org.apache.shiro.subject.support.DelegatingSubject.getPrincipal(DelegatingSubject.java:153) ~[shiro-core-1.4.0.jar!/:1.4.0]
	at org.apache.shiro.web.servlet.ShiroHttpServletRequest.getSubjectPrincipal(ShiroHttpServletRequest.java:96) ~[shiro-web-1.4.0.jar!/:1.4.0]
	at org.apache.shiro.web.servlet.ShiroHttpServletRequest.getUserPrincipal(ShiroHttpServletRequest.java:112) ~[shiro-web-1.4.0.jar!/:1.4.0]
	at org.springframework.web.servlet.FrameworkServlet.getUsernameForRequest(FrameworkServlet.java:1160) ~[spring-webmvc-5.3.13.jar!/:5.3.13]
	at org.springframework.web.servlet.FrameworkServlet.publishRequestHandledEvent(FrameworkServlet.java:1145) ~[spring-webmvc-5.3.13.jar!/:5.3.13]
	at org.springframework.web.servlet.FrameworkServlet.processRequest(FrameworkServlet.java:1023) ~[spring-webmvc-5.3.13.jar!/:5.3.13]
	at org.springframework.web.servlet.FrameworkServlet.doGet(FrameworkServlet.java:898) ~[spring-webmvc-5.3.13.jar!/:5.3.13]
	at javax.servlet.http.HttpServlet.service(HttpServlet.java:655) ~[tomcat-embed-core-9.0.55.jar!/:?]
	at org.springframework.web.servlet.FrameworkServlet.service(FrameworkServlet.java:883) ~[spring-webmvc-5.3.13.jar!/:5.3.13]
	at javax.servlet.http.HttpServlet.service(HttpServlet.java:764) ~[tomcat-embed-core-9.0.55.jar!/:?]
	at org.apache.catalina.core.ApplicationFilterChain.internalDoFilter(ApplicationFilterChain.java:227) ~[tomcat-embed-core-9.0.55.jar!/:?]
	at org.apache.catalina.core.ApplicationFilterChain.doFilter(ApplicationFilterChain.java:162) ~[tomcat-embed-core-9.0.55.jar!/:?]
	at org.apache.tomcat.websocket.server.WsFilter.doFilter(WsFilter.java:53) ~[tomcat-embed-websocket-9.0.55.jar!/:?]
	at org.apache.catalina.core.ApplicationFilterChain.internalDoFilter(ApplicationFilterChain.java:189) ~[tomcat-embed-core-9.0.55.jar!/:?]
	at org.apache.catalina.core.ApplicationFilterChain.doFilter(ApplicationFilterChain.java:162) ~[tomcat-embed-core-9.0.55.jar!/:?]
	at org.apache.shiro.web.servlet.ProxiedFilterChain.doFilter(ProxiedFilterChain.java:61) ~[shiro-web-1.4.0.jar!/:1.4.0]
	at org.apache.shiro.web.servlet.AdviceFilter.executeChain(AdviceFilter.java:108) ~[shiro-web-1.4.0.jar!/:1.4.0]
	at org.apache.shiro.web.servlet.AdviceFilter.doFilterInternal(AdviceFilter.java:137) ~[shiro-web-1.4.0.jar!/:1.4.0]
	at org.apache.shiro.web.servlet.OncePerRequestFilter.doFilter(OncePerRequestFilter.java:125) ~[shiro-web-1.4.0.jar!/:1.4.0]
	at org.apache.shiro.web.servlet.ProxiedFilterChain.doFilter(ProxiedFilterChain.java:66) ~[shiro-web-1.4.0.jar!/:1.4.0]
	at org.apache.shiro.web.servlet.AbstractShiroFilter.executeChain(AbstractShiroFilter.java:449) ~[shiro-web-1.4.0.jar!/:1.4.0]
	at org.apache.shiro.web.servlet.AbstractShiroFilter$1.call(AbstractShiroFilter.java:365) ~[shiro-web-1.4.0.jar!/:1.4.0]
	at org.apache.shiro.subject.support.SubjectCallable.doCall(SubjectCallable.java:90) ~[shiro-core-1.4.0.jar!/:1.4.0]
	at org.apache.shiro.subject.support.SubjectCallable.call(SubjectCallable.java:83) ~[shiro-core-1.4.0.jar!/:1.4.0]
	at org.apache.shiro.subject.support.DelegatingSubject.execute(DelegatingSubject.java:387) ~[shiro-core-1.4.0.jar!/:1.4.0]
	at org.apache.shiro.web.servlet.AbstractShiroFilter.doFilterInternal(AbstractShiroFilter.java:362) ~[shiro-web-1.4.0.jar!/:1.4.0]
	at org.apache.shiro.web.servlet.OncePerRequestFilter.doFilter(OncePerRequestFilter.java:125) ~[shiro-web-1.4.0.jar!/:1.4.0]
	at org.apache.catalina.core.ApplicationFilterChain.internalDoFilter(ApplicationFilterChain.java:189) ~[tomcat-embed-core-9.0.55.jar!/:?]
	at org.apache.catalina.core.ApplicationFilterChain.doFilter(ApplicationFilterChain.java:162) ~[tomcat-embed-core-9.0.55.jar!/:?]
	at org.springframework.web.filter.CharacterEncodingFilter.doFilterInternal(CharacterEncodingFilter.java:201) ~[spring-web-5.3.13.jar!/:5.3.13]
	at org.springframework.web.filter.OncePerRequestFilter.doFilter(OncePerRequestFilter.java:119) ~[spring-web-5.3.13.jar!/:5.3.13]
	at org.apache.catalina.core.ApplicationFilterChain.internalDoFilter(ApplicationFilterChain.java:189) ~[tomcat-embed-core-9.0.55.jar!/:?]
	at org.apache.catalina.core.ApplicationFilterChain.doFilter(ApplicationFilterChain.java:162) ~[tomcat-embed-core-9.0.55.jar!/:?]
	at org.apache.catalina.core.StandardWrapperValve.invoke(StandardWrapperValve.java:197) [tomcat-embed-core-9.0.55.jar!/:?]
	at org.apache.catalina.core.StandardContextValve.invoke(StandardContextValve.java:97) [tomcat-embed-core-9.0.55.jar!/:?]
	at org.apache.catalina.authenticator.AuthenticatorBase.invoke(AuthenticatorBase.java:540) [tomcat-embed-core-9.0.55.jar!/:?]
	at org.apache.catalina.core.StandardHostValve.invoke(StandardHostValve.java:135) [tomcat-embed-core-9.0.55.jar!/:?]
	at org.apache.catalina.valves.ErrorReportValve.invoke(ErrorReportValve.java:92) [tomcat-embed-core-9.0.55.jar!/:?]
	at org.apache.catalina.core.StandardEngineValve.invoke(StandardEngineValve.java:78) [tomcat-embed-core-9.0.55.jar!/:?]
	at org.apache.catalina.connector.CoyoteAdapter.service(CoyoteAdapter.java:357) [tomcat-embed-core-9.0.55.jar!/:?]
	at org.apache.coyote.http11.Http11Processor.service(Http11Processor.java:382) [tomcat-embed-core-9.0.55.jar!/:?]
	at org.apache.coyote.AbstractProcessorLight.process(AbstractProcessorLight.java:65) [tomcat-embed-core-9.0.55.jar!/:?]
	at org.apache.coyote.AbstractProtocol$ConnectionHandler.process(AbstractProtocol.java:895) [tomcat-embed-core-9.0.55.jar!/:?]
	at org.apache.tomcat.util.net.NioEndpoint$SocketProcessor.doRun(NioEndpoint.java:1722) [tomcat-embed-core-9.0.55.jar!/:?]
	at org.apache.tomcat.util.net.SocketProcessorBase.run(SocketProcessorBase.java:49) [tomcat-embed-core-9.0.55.jar!/:?]
	at org.apache.tomcat.util.threads.ThreadPoolExecutor.runWorker(ThreadPoolExecutor.java:1191) [tomcat-embed-core-9.0.55.jar!/:?]
	at org.apache.tomcat.util.threads.ThreadPoolExecutor$Worker.run(ThreadPoolExecutor.java:659) [tomcat-embed-core-9.0.55.jar!/:?]
	at org.apache.tomcat.util.threads.TaskThread$WrappingRunnable.run(TaskThread.java:61) [tomcat-embed-core-9.0.55.jar!/:?]
	at java.lang.Thread.run(Thread.java:829) [?:?]
